2024-01-12 15:06:17,874 [Worker-5: Loading available Gradle versions] INFO  o.e.b.c.i.u.g.PublishedGradleVersions - Gradle version information cache is up-to-date. Trying to read.
2024-01-12 15:06:34,385 [Worker-0: Importing Maven projects] INFO  o.e.m.c.i.l.LifecycleMappingFactory - Using org.eclipse.m2e.jdt.JarLifecycleMapping lifecycle mapping for MavenProject: com.example:progii:0.0.1-SNAPSHOT @ D:\Users\guilhermebatista\Desktop\github\projetoufrpe\progii\pom.xml.
2024-01-12 15:06:35,284 [Worker-0: Importing Maven projects] INFO  o.e.m.j.i.AbstractJavaProjectConfigurator - Adding source folder /progii/src/main/java
2024-01-12 15:06:35,285 [Worker-0: Importing Maven projects] INFO  o.e.m.j.i.AbstractJavaProjectConfigurator - Adding resource folder /progii/src/main/resources
2024-01-12 15:06:35,294 [Worker-0: Importing Maven projects] INFO  o.e.m.j.i.AbstractJavaProjectConfigurator - Adding resource folder /progii/src/main/resources
2024-01-12 15:06:35,299 [Worker-0: Importing Maven projects] INFO  o.e.m.j.i.AbstractJavaProjectConfigurator - Adding source folder /progii/src/test/java
2024-01-12 15:06:35,300 [Worker-0: Importing Maven projects] INFO  o.e.m.j.i.AbstractJavaProjectConfigurator - Adding resource folder /progii/src/test/resources
2024-01-12 15:06:35,923 [Worker-0: Importing Maven projects] INFO  o.e.m.c.i.p.ProjectConfigurationManager - Imported and configured 1 project(s) in 3 sec
2024-01-12 15:06:36,854 [Worker-5: Building] INFO  o.a.m.s.f.DefaultMavenResourcesFiltering - Copying 1 resource from src\main\resources to target\classes
2024-01-12 15:06:36,886 [Worker-5: Building] INFO  o.a.m.s.f.DefaultMavenResourcesFiltering - Copying 0 resource from src\main\resources to target\classes
2024-01-12 15:06:36,891 [Worker-5: Building] INFO  o.a.m.s.f.DefaultMavenResourcesFiltering - skip non existing resourceDirectory D:\Users\guilhermebatista\Desktop\github\projetoufrpe\progii\src\test\resources
2024-01-12 15:07:22,422 [Worker-14: Launching Executing install in D__Users_guilhermebatista_Desktop_github_projetoufrpe_progii] INFO  o.eclipse.m2e.core.internal.Bundles - getClasspathEntries(Bundle=org.eclipse.m2e.maven.runtime_3.9.500.20231113-2345 [297])
2024-01-12 15:07:22,424 [Worker-14: Launching Executing install in D__Users_guilhermebatista_Desktop_github_projetoufrpe_progii] INFO  o.eclipse.m2e.core.internal.Bundles - 	Entry: C:\Users\AtendimentoMI\.p2\pool\plugins\org.eclipse.m2e.maven.runtime_3.9.500.20231113-2345
2024-01-12 15:07:22,424 [Worker-14: Launching Executing install in D__Users_guilhermebatista_Desktop_github_projetoufrpe_progii] INFO  o.eclipse.m2e.core.internal.Bundles - 	Entry: C:\Users\AtendimentoMI\.p2\pool\plugins\org.eclipse.m2e.maven.runtime_3.9.500.20231113-2345\jars\aopalliance-1.0.jar
2024-01-12 15:07:22,424 [Worker-14: Launching Executing install in D__Users_guilhermebatista_Desktop_github_projetoufrpe_progii] INFO  o.eclipse.m2e.core.internal.Bundles - 	Entry: C:\Users\AtendimentoMI\.p2\pool\plugins\org.eclipse.m2e.maven.runtime_3.9.500.20231113-2345\jars\guice-5.1.0.jar
2024-01-12 15:07:22,424 [Worker-14: Launching Executing install in D__Users_guilhermebatista_Desktop_github_projetoufrpe_progii] INFO  o.eclipse.m2e.core.internal.Bundles - 	Entry: C:\Users\AtendimentoMI\.p2\pool\plugins\org.eclipse.m2e.maven.runtime_3.9.500.20231113-2345\jars\httpclient-4.5.14.jar
2024-01-12 15:07:22,424 [Worker-14: Launching Executing install in D__Users_guilhermebatista_Desktop_github_projetoufrpe_progii] INFO  o.eclipse.m2e.core.internal.Bundles - 	Entry: C:\Users\AtendimentoMI\.p2\pool\plugins\org.eclipse.m2e.maven.runtime_3.9.500.20231113-2345\jars\httpcore-4.4.16.jar
2024-01-12 15:07:22,424 [Worker-14: Launching Executing install in D__Users_guilhermebatista_Desktop_github_projetoufrpe_progii] INFO  o.eclipse.m2e.core.internal.Bundles - 	Entry: C:\Users\AtendimentoMI\.p2\pool\plugins\org.eclipse.m2e.maven.runtime_3.9.500.20231113-2345\jars\jansi-2.4.0.jar
2024-01-12 15:07:22,425 [Worker-14: Launching Executing install in D__Users_guilhermebatista_Desktop_github_projetoufrpe_progii] INFO  o.eclipse.m2e.core.internal.Bundles - 	Entry: C:\Users\AtendimentoMI\.p2\pool\plugins\org.eclipse.m2e.maven.runtime_3.9.500.20231113-2345\jars\jcl-over-slf4j-1.7.36.jar
2024-01-12 15:07:22,425 [Worker-14: Launching Executing install in D__Users_guilhermebatista_Desktop_github_projetoufrpe_progii] INFO  o.eclipse.m2e.core.internal.Bundles - 	Entry: C:\Users\AtendimentoMI\.p2\pool\plugins\org.eclipse.m2e.maven.runtime_3.9.500.20231113-2345\jars\maven-artifact-3.9.5.jar
2024-01-12 15:07:22,425 [Worker-14: Launching Executing install in D__Users_guilhermebatista_Desktop_github_projetoufrpe_progii] INFO  o.eclipse.m2e.core.internal.Bundles - 	Entry: C:\Users\AtendimentoMI\.p2\pool\plugins\org.eclipse.m2e.maven.runtime_3.9.500.20231113-2345\jars\maven-builder-support-3.9.5.jar
2024-01-12 15:07:22,425 [Worker-14: Launching Executing install in D__Users_guilhermebatista_Desktop_github_projetoufrpe_progii] INFO  o.eclipse.m2e.core.internal.Bundles - 	Entry: C:\Users\AtendimentoMI\.p2\pool\plugins\org.eclipse.m2e.maven.runtime_3.9.500.20231113-2345\jars\maven-compat-3.9.5.jar
2024-01-12 15:07:22,425 [Worker-14: Launching Executing install in D__Users_guilhermebatista_Desktop_github_projetoufrpe_progii] INFO  o.eclipse.m2e.core.internal.Bundles - 	Entry: C:\Users\AtendimentoMI\.p2\pool\plugins\org.eclipse.m2e.maven.runtime_3.9.500.20231113-2345\jars\maven-core-3.9.5.jar
2024-01-12 15:07:22,425 [Worker-14: Launching Executing install in D__Users_guilhermebatista_Desktop_github_projetoufrpe_progii] INFO  o.eclipse.m2e.core.internal.Bundles - 	Entry: C:\Users\AtendimentoMI\.p2\pool\plugins\org.eclipse.m2e.maven.runtime_3.9.500.20231113-2345\jars\maven-embedder-3.9.5.jar
2024-01-12 15:07:22,425 [Worker-14: Launching Executing install in D__Users_guilhermebatista_Desktop_github_projetoufrpe_progii] INFO  o.eclipse.m2e.core.internal.Bundles - 	Entry: C:\Users\AtendimentoMI\.p2\pool\plugins\org.eclipse.m2e.maven.runtime_3.9.500.20231113-2345\jars\maven-model-3.9.5.jar
2024-01-12 15:07:22,425 [Worker-14: Launching Executing install in D__Users_guilhermebatista_Desktop_github_projetoufrpe_progii] INFO  o.eclipse.m2e.core.internal.Bundles - 	Entry: C:\Users\AtendimentoMI\.p2\pool\plugins\org.eclipse.m2e.maven.runtime_3.9.500.20231113-2345\jars\maven-model-builder-3.9.5.jar
2024-01-12 15:07:22,426 [Worker-14: Launching Executing install in D__Users_guilhermebatista_Desktop_github_projetoufrpe_progii] INFO  o.eclipse.m2e.core.internal.Bundles - 	Entry: C:\Users\AtendimentoMI\.p2\pool\plugins\org.eclipse.m2e.maven.runtime_3.9.500.20231113-2345\jars\maven-plugin-api-3.9.5.jar
2024-01-12 15:07:22,426 [Worker-14: Launching Executing install in D__Users_guilhermebatista_Desktop_github_projetoufrpe_progii] INFO  o.eclipse.m2e.core.internal.Bundles - 	Entry: C:\Users\AtendimentoMI\.p2\pool\plugins\org.eclipse.m2e.maven.runtime_3.9.500.20231113-2345\jars\maven-repository-metadata-3.9.5.jar
2024-01-12 15:07:22,426 [Worker-14: Launching Executing install in D__Users_guilhermebatista_Desktop_github_projetoufrpe_progii] INFO  o.eclipse.m2e.core.internal.Bundles - 	Entry: C:\Users\AtendimentoMI\.p2\pool\plugins\org.eclipse.m2e.maven.runtime_3.9.500.20231113-2345\jars\maven-resolver-api-1.9.16.jar
2024-01-12 15:07:22,426 [Worker-14: Launching Executing install in D__Users_guilhermebatista_Desktop_github_projetoufrpe_progii] INFO  o.eclipse.m2e.core.internal.Bundles - 	Entry: C:\Users\AtendimentoMI\.p2\pool\plugins\org.eclipse.m2e.maven.runtime_3.9.500.20231113-2345\jars\maven-resolver-connector-basic-1.9.16.jar
2024-01-12 15:07:22,426 [Worker-14: Launching Executing install in D__Users_guilhermebatista_Desktop_github_projetoufrpe_progii] INFO  o.eclipse.m2e.core.internal.Bundles - 	Entry: C:\Users\AtendimentoMI\.p2\pool\plugins\org.eclipse.m2e.maven.runtime_3.9.500.20231113-2345\jars\maven-resolver-impl-1.9.16.jar
2024-01-12 15:07:22,426 [Worker-14: Launching Executing install in D__Users_guilhermebatista_Desktop_github_projetoufrpe_progii] INFO  o.eclipse.m2e.core.internal.Bundles - 	Entry: C:\Users\AtendimentoMI\.p2\pool\plugins\org.eclipse.m2e.maven.runtime_3.9.500.20231113-2345\jars\maven-resolver-named-locks-1.9.16.jar
2024-01-12 15:07:22,426 [Worker-14: Launching Executing install in D__Users_guilhermebatista_Desktop_github_projetoufrpe_progii] INFO  o.eclipse.m2e.core.internal.Bundles - 	Entry: C:\Users\AtendimentoMI\.p2\pool\plugins\org.eclipse.m2e.maven.runtime_3.9.500.20231113-2345\jars\maven-resolver-provider-3.9.5.jar
2024-01-12 15:07:22,426 [Worker-14: Launching Executing install in D__Users_guilhermebatista_Desktop_github_projetoufrpe_progii] INFO  o.eclipse.m2e.core.internal.Bundles - 	Entry: C:\Users\AtendimentoMI\.p2\pool\plugins\org.eclipse.m2e.maven.runtime_3.9.500.20231113-2345\jars\maven-resolver-spi-1.9.16.jar
2024-01-12 15:07:22,427 [Worker-14: Launching Executing install in D__Users_guilhermebatista_Desktop_github_projetoufrpe_progii] INFO  o.eclipse.m2e.core.internal.Bundles - 	Entry: C:\Users\AtendimentoMI\.p2\pool\plugins\org.eclipse.m2e.maven.runtime_3.9.500.20231113-2345\jars\maven-resolver-transport-file-1.9.16.jar
2024-01-12 15:07:22,427 [Worker-14: Launching Executing install in D__Users_guilhermebatista_Desktop_github_projetoufrpe_progii] INFO  o.eclipse.m2e.core.internal.Bundles - 	Entry: C:\Users\AtendimentoMI\.p2\pool\plugins\org.eclipse.m2e.maven.runtime_3.9.500.20231113-2345\jars\maven-resolver-transport-http-1.9.16.jar
2024-01-12 15:07:22,427 [Worker-14: Launching Executing install in D__Users_guilhermebatista_Desktop_github_projetoufrpe_progii] INFO  o.eclipse.m2e.core.internal.Bundles - 	Entry: C:\Users\AtendimentoMI\.p2\pool\plugins\org.eclipse.m2e.maven.runtime_3.9.500.20231113-2345\jars\maven-resolver-transport-wagon-1.9.16.jar
2024-01-12 15:07:22,427 [Worker-14: Launching Executing install in D__Users_guilhermebatista_Desktop_github_projetoufrpe_progii] INFO  o.eclipse.m2e.core.internal.Bundles - 	Entry: C:\Users\AtendimentoMI\.p2\pool\plugins\org.eclipse.m2e.maven.runtime_3.9.500.20231113-2345\jars\maven-resolver-util-1.9.16.jar
2024-01-12 15:07:22,427 [Worker-14: Launching Executing install in D__Users_guilhermebatista_Desktop_github_projetoufrpe_progii] INFO  o.eclipse.m2e.core.internal.Bundles - 	Entry: C:\Users\AtendimentoMI\.p2\pool\plugins\org.eclipse.m2e.maven.runtime_3.9.500.20231113-2345\jars\maven-settings-3.9.5.jar
2024-01-12 15:07:22,427 [Worker-14: Launching Executing install in D__Users_guilhermebatista_Desktop_github_projetoufrpe_progii] INFO  o.eclipse.m2e.core.internal.Bundles - 	Entry: C:\Users\AtendimentoMI\.p2\pool\plugins\org.eclipse.m2e.maven.runtime_3.9.500.20231113-2345\jars\maven-settings-builder-3.9.5.jar
2024-01-12 15:07:22,427 [Worker-14: Launching Executing install in D__Users_guilhermebatista_Desktop_github_projetoufrpe_progii] INFO  o.eclipse.m2e.core.internal.Bundles - 	Entry: C:\Users\AtendimentoMI\.p2\pool\plugins\org.eclipse.m2e.maven.runtime_3.9.500.20231113-2345\jars\maven-shared-utils-3.3.4.jar
2024-01-12 15:07:22,428 [Worker-14: Launching Executing install in D__Users_guilhermebatista_Desktop_github_projetoufrpe_progii] INFO  o.eclipse.m2e.core.internal.Bundles - 	Entry: C:\Users\AtendimentoMI\.p2\pool\plugins\org.eclipse.m2e.maven.runtime_3.9.500.20231113-2345\jars\org.eclipse.sisu.inject-0.3.5.jar
2024-01-12 15:07:22,428 [Worker-14: Launching Executing install in D__Users_guilhermebatista_Desktop_github_projetoufrpe_progii] INFO  o.eclipse.m2e.core.internal.Bundles - 	Entry: C:\Users\AtendimentoMI\.p2\pool\plugins\org.eclipse.m2e.maven.runtime_3.9.500.20231113-2345\jars\org.eclipse.sisu.plexus-0.3.5.jar
2024-01-12 15:07:22,428 [Worker-14: Launching Executing install in D__Users_guilhermebatista_Desktop_github_projetoufrpe_progii] INFO  o.eclipse.m2e.core.internal.Bundles - 	Entry: C:\Users\AtendimentoMI\.p2\pool\plugins\org.eclipse.m2e.maven.runtime_3.9.500.20231113-2345\jars\plexus-build-api-0.0.7.jar
2024-01-12 15:07:22,428 [Worker-14: Launching Executing install in D__Users_guilhermebatista_Desktop_github_projetoufrpe_progii] INFO  o.eclipse.m2e.core.internal.Bundles - 	Entry: C:\Users\AtendimentoMI\.p2\pool\plugins\org.eclipse.m2e.maven.runtime_3.9.500.20231113-2345\jars\plexus-cipher-2.0.jar
2024-01-12 15:07:22,428 [Worker-14: Launching Executing install in D__Users_guilhermebatista_Desktop_github_projetoufrpe_progii] INFO  o.eclipse.m2e.core.internal.Bundles - 	Entry: C:\Users\AtendimentoMI\.p2\pool\plugins\org.eclipse.m2e.maven.runtime_3.9.500.20231113-2345\jars\plexus-classworlds-2.7.0.jar
2024-01-12 15:07:22,428 [Worker-14: Launching Executing install in D__Users_guilhermebatista_Desktop_github_projetoufrpe_progii] INFO  o.eclipse.m2e.core.internal.Bundles - 	Entry: C:\Users\AtendimentoMI\.p2\pool\plugins\org.eclipse.m2e.maven.runtime_3.9.500.20231113-2345\jars\plexus-component-annotations-2.1.0.jar
2024-01-12 15:07:22,429 [Worker-14: Launching Executing install in D__Users_guilhermebatista_Desktop_github_projetoufrpe_progii] INFO  o.eclipse.m2e.core.internal.Bundles - 	Entry: C:\Users\AtendimentoMI\.p2\pool\plugins\org.eclipse.m2e.maven.runtime_3.9.500.20231113-2345\jars\plexus-interpolation-1.26.jar
2024-01-12 15:07:22,429 [Worker-14: Launching Executing install in D__Users_guilhermebatista_Desktop_github_projetoufrpe_progii] INFO  o.eclipse.m2e.core.internal.Bundles - 	Entry: C:\Users\AtendimentoMI\.p2\pool\plugins\org.eclipse.m2e.maven.runtime_3.9.500.20231113-2345\jars\plexus-sec-dispatcher-2.0.jar
2024-01-12 15:07:22,429 [Worker-14: Launching Executing install in D__Users_guilhermebatista_Desktop_github_projetoufrpe_progii] INFO  o.eclipse.m2e.core.internal.Bundles - 	Entry: C:\Users\AtendimentoMI\.p2\pool\plugins\org.eclipse.m2e.maven.runtime_3.9.500.20231113-2345\jars\plexus-utils-3.5.1.jar
2024-01-12 15:07:22,429 [Worker-14: Launching Executing install in D__Users_guilhermebatista_Desktop_github_projetoufrpe_progii] INFO  o.eclipse.m2e.core.internal.Bundles - 	Entry: C:\Users\AtendimentoMI\.p2\pool\plugins\org.eclipse.m2e.maven.runtime_3.9.500.20231113-2345\jars\wagon-file-3.5.3.jar
2024-01-12 15:07:22,429 [Worker-14: Launching Executing install in D__Users_guilhermebatista_Desktop_github_projetoufrpe_progii] INFO  o.eclipse.m2e.core.internal.Bundles - 	Entry: C:\Users\AtendimentoMI\.p2\pool\plugins\org.eclipse.m2e.maven.runtime_3.9.500.20231113-2345\jars\wagon-http-3.5.3.jar
2024-01-12 15:07:22,429 [Worker-14: Launching Executing install in D__Users_guilhermebatista_Desktop_github_projetoufrpe_progii] INFO  o.eclipse.m2e.core.internal.Bundles - 	Entry: C:\Users\AtendimentoMI\.p2\pool\plugins\org.eclipse.m2e.maven.runtime_3.9.500.20231113-2345\jars\wagon-http-shared-3.5.3.jar
2024-01-12 15:07:22,429 [Worker-14: Launching Executing install in D__Users_guilhermebatista_Desktop_github_projetoufrpe_progii] INFO  o.eclipse.m2e.core.internal.Bundles - 	Entry: C:\Users\AtendimentoMI\.p2\pool\plugins\org.eclipse.m2e.maven.runtime_3.9.500.20231113-2345\jars\wagon-provider-api-3.5.3.jar
2024-01-12 15:07:22,431 [Worker-14: Launching Executing install in D__Users_guilhermebatista_Desktop_github_projetoufrpe_progii] INFO  o.eclipse.m2e.core.internal.Bundles - getClasspathEntries(Bundle=com.google.guava_32.1.3.jre [10])
2024-01-12 15:07:22,431 [Worker-14: Launching Executing install in D__Users_guilhermebatista_Desktop_github_projetoufrpe_progii] INFO  o.eclipse.m2e.core.internal.Bundles - 	Entry: C:\Users\AtendimentoMI\.p2\pool\plugins\com.google.guava_32.1.3.jre.jar
2024-01-12 15:07:22,432 [Worker-14: Launching Executing install in D__Users_guilhermebatista_Desktop_github_projetoufrpe_progii] INFO  o.eclipse.m2e.core.internal.Bundles - getClasspathEntries(Bundle=slf4j.api_2.0.11 [517])
2024-01-12 15:07:22,432 [Worker-14: Launching Executing install in D__Users_guilhermebatista_Desktop_github_projetoufrpe_progii] INFO  o.eclipse.m2e.core.internal.Bundles - 	Entry: C:\Users\AtendimentoMI\.p2\pool\plugins\slf4j.api_2.0.11.jar
2024-01-12 15:07:22,432 [Worker-14: Launching Executing install in D__Users_guilhermebatista_Desktop_github_projetoufrpe_progii] INFO  o.eclipse.m2e.core.internal.Bundles - getClasspathEntries(Bundle=jakarta.inject.jakarta.inject-api_1.0.5 [22])
2024-01-12 15:07:22,432 [Worker-14: Launching Executing install in D__Users_guilhermebatista_Desktop_github_projetoufrpe_progii] INFO  o.eclipse.m2e.core.internal.Bundles - 	Entry: C:\Users\AtendimentoMI\.p2\pool\plugins\jakarta.inject.jakarta.inject-api_1.0.5.jar
2024-01-12 15:07:22,433 [Worker-14: Launching Executing install in D__Users_guilhermebatista_Desktop_github_projetoufrpe_progii] INFO  o.eclipse.m2e.core.internal.Bundles - getClasspathEntries(Bundle=jakarta.annotation-api_1.3.5 [20])
2024-01-12 15:07:22,434 [Worker-14: Launching Executing install in D__Users_guilhermebatista_Desktop_github_projetoufrpe_progii] INFO  o.eclipse.m2e.core.internal.Bundles - 	Entry: C:\Users\AtendimentoMI\.p2\pool\plugins\jakarta.annotation-api_1.3.5.jar
2024-01-12 15:07:22,434 [Worker-14: Launching Executing install in D__Users_guilhermebatista_Desktop_github_projetoufrpe_progii] INFO  o.eclipse.m2e.core.internal.Bundles - getClasspathEntries(Bundle=org.apache.commons.cli_1.6.0 [46])
2024-01-12 15:07:22,435 [Worker-14: Launching Executing install in D__Users_guilhermebatista_Desktop_github_projetoufrpe_progii] INFO  o.eclipse.m2e.core.internal.Bundles - 	Entry: C:\Users\AtendimentoMI\.p2\pool\plugins\org.apache.commons.cli_1.6.0.jar
2024-01-12 15:07:22,435 [Worker-14: Launching Executing install in D__Users_guilhermebatista_Desktop_github_projetoufrpe_progii] INFO  o.eclipse.m2e.core.internal.Bundles - getClasspathEntries(Bundle=org.apache.commons.commons-codec_1.16.0 [48])
2024-01-12 15:07:22,435 [Worker-14: Launching Executing install in D__Users_guilhermebatista_Desktop_github_projetoufrpe_progii] INFO  o.eclipse.m2e.core.internal.Bundles - 	Entry: C:\Users\AtendimentoMI\.p2\pool\plugins\org.apache.commons.commons-codec_1.16.0.jar
2024-01-12 15:07:22,435 [Worker-14: Launching Executing install in D__Users_guilhermebatista_Desktop_github_projetoufrpe_progii] INFO  o.eclipse.m2e.core.internal.Bundles - getClasspathEntries(Bundle=org.apache.commons.lang3_3.13.0 [53])
2024-01-12 15:07:22,437 [Worker-14: Launching Executing install in D__Users_guilhermebatista_Desktop_github_projetoufrpe_progii] INFO  o.eclipse.m2e.core.internal.Bundles - 	Entry: C:\Users\AtendimentoMI\.p2\pool\plugins\org.apache.commons.lang3_3.13.0.jar
2024-01-12 15:07:22,437 [Worker-14: Launching Executing install in D__Users_guilhermebatista_Desktop_github_projetoufrpe_progii] INFO  o.eclipse.m2e.core.internal.Bundles - getClasspathEntries(Bundle=com.google.guava.failureaccess_1.0.2 [11])
2024-01-12 15:07:22,437 [Worker-14: Launching Executing install in D__Users_guilhermebatista_Desktop_github_projetoufrpe_progii] INFO  o.eclipse.m2e.core.internal.Bundles - 	Entry: C:\Users\AtendimentoMI\.p2\pool\plugins\com.google.guava.failureaccess_1.0.2.jar
2024-01-12 15:07:22,447 [Worker-14: Launching Executing install in D__Users_guilhermebatista_Desktop_github_projetoufrpe_progii] INFO  o.e.m.i.launch.MavenLaunchDelegate - Run build in "D:\Users\guilhermebatista\Desktop\github\projetoufrpe\progii":
2024-01-12 15:07:22,448 [Worker-14: Launching Executing install in D__Users_guilhermebatista_Desktop_github_projetoufrpe_progii] INFO  o.e.m.i.launch.MavenLaunchDelegate -  mvn  -B -Dstyle.color=always install
2024-01-12 15:11:28,083 [Worker-7: Building] INFO  o.a.m.s.f.DefaultMavenResourcesFiltering - Copying 0 resource from src\main\resources to target\classes
2024-01-12 15:11:28,084 [Worker-7: Building] INFO  o.a.m.s.f.DefaultMavenResourcesFiltering - Copying 0 resource from src\main\resources to target\classes
2024-01-12 15:11:28,094 [Worker-7: Building] INFO  o.a.m.s.f.DefaultMavenResourcesFiltering - skip non existing resourceDirectory D:\Users\guilhermebatista\Desktop\github\projetoufrpe\progii\src\test\resources
2024-01-12 15:16:36,776 [Worker-16: Building] INFO  o.a.m.s.f.DefaultMavenResourcesFiltering - Copying 0 resource from src\main\resources to target\classes
2024-01-12 15:16:36,777 [Worker-16: Building] INFO  o.a.m.s.f.DefaultMavenResourcesFiltering - Copying 0 resource from src\main\resources to target\classes
2024-01-12 15:16:36,780 [Worker-16: Building] INFO  o.a.m.s.f.DefaultMavenResourcesFiltering - skip non existing resourceDirectory D:\Users\guilhermebatista\Desktop\github\projetoufrpe\progii\src\test\resources
2024-01-12 15:20:55,394 [Worker-17: Building] INFO  o.a.m.s.f.DefaultMavenResourcesFiltering - Copying 0 resource from src\main\resources to target\classes
2024-01-12 15:20:55,396 [Worker-17: Building] INFO  o.a.m.s.f.DefaultMavenResourcesFiltering - Copying 0 resource from src\main\resources to target\classes
2024-01-12 15:20:55,399 [Worker-17: Building] INFO  o.a.m.s.f.DefaultMavenResourcesFiltering - skip non existing resourceDirectory D:\Users\guilhermebatista\Desktop\github\projetoufrpe\progii\src\test\resources
2024-01-12 15:20:59,025 [Worker-17: Building] INFO  o.a.m.s.f.DefaultMavenResourcesFiltering - Copying 0 resource from src\main\resources to target\classes
2024-01-12 15:20:59,026 [Worker-17: Building] INFO  o.a.m.s.f.DefaultMavenResourcesFiltering - Copying 0 resource from src\main\resources to target\classes
2024-01-12 15:20:59,030 [Worker-17: Building] INFO  o.a.m.s.f.DefaultMavenResourcesFiltering - skip non existing resourceDirectory D:\Users\guilhermebatista\Desktop\github\projetoufrpe\progii\src\test\resources
2024-01-12 15:21:00,924 [Worker-12: Building] INFO  o.a.m.s.f.DefaultMavenResourcesFiltering - Copying 0 resource from src\main\resources to target\classes
2024-01-12 15:21:00,926 [Worker-12: Building] INFO  o.a.m.s.f.DefaultMavenResourcesFiltering - Copying 0 resource from src\main\resources to target\classes
2024-01-12 15:21:00,930 [Worker-12: Building] INFO  o.a.m.s.f.DefaultMavenResourcesFiltering - skip non existing resourceDirectory D:\Users\guilhermebatista\Desktop\github\projetoufrpe\progii\src\test\resources
2024-01-12 15:22:02,892 [Worker-16: Building] INFO  o.a.m.s.f.DefaultMavenResourcesFiltering - Copying 0 resource from src\main\resources to target\classes
2024-01-12 15:22:02,893 [Worker-16: Building] INFO  o.a.m.s.f.DefaultMavenResourcesFiltering - Copying 0 resource from src\main\resources to target\classes
2024-01-12 15:22:02,896 [Worker-16: Building] INFO  o.a.m.s.f.DefaultMavenResourcesFiltering - skip non existing resourceDirectory D:\Users\guilhermebatista\Desktop\github\projetoufrpe\progii\src\test\resources
2024-01-12 15:23:07,122 [Worker-12: Building] INFO  o.a.m.s.f.DefaultMavenResourcesFiltering - Copying 1 resource from src\main\resources to target\classes
2024-01-12 15:23:07,128 [Worker-12: Building] INFO  o.a.m.s.f.DefaultMavenResourcesFiltering - Copying 0 resource from src\main\resources to target\classes
2024-01-12 15:23:07,132 [Worker-12: Building] INFO  o.a.m.s.f.DefaultMavenResourcesFiltering - skip non existing resourceDirectory D:\Users\guilhermebatista\Desktop\github\projetoufrpe\progii\src\test\resources
2024-01-12 15:58:16,673 [Worker-18: Building] INFO  o.a.m.s.f.DefaultMavenResourcesFiltering - Copying 1 resource from src\main\resources to target\classes
2024-01-12 15:58:16,765 [Worker-18: Building] INFO  o.a.m.s.f.DefaultMavenResourcesFiltering - Copying 0 resource from src\main\resources to target\classes
2024-01-12 15:58:16,769 [Worker-18: Building] INFO  o.a.m.s.f.DefaultMavenResourcesFiltering - skip non existing resourceDirectory D:\Users\guilhermebatista\Desktop\github\projetoufrpe\progii\src\test\resources
